[06:00:39] [Server thread/INFO]: Starting minecraft server version 1.8.8
[06:00:39] [Server thread/WARN]: To start the server with more ram, launch it as "java -Xmx1024M -Xms1024M -jar minecraft_server.jar"
[06:00:39] [Server thread/INFO]: Loading properties
[06:00:40] [Server thread/INFO]: Default game type: SURVIVAL
[06:00:47] [Server thread/INFO]: This server is running PandaSpigot version git-PandaSpigot-85 (MC: 1.8.8) (Implementing API version 1.8.8-R0.1-SNAPSHOT) (Git: 158d845)
[06:00:51] [Server thread/INFO]: Server Ping Player Sample Count: 12
[06:00:51] [Server thread/INFO]: Spigot Timings: true - Verbose: true - Interval: 5m - Length: 60m
[06:00:51] [Server thread/INFO]: Using 4 threads for Netty based IO
[06:00:51] [Server thread/INFO]: Debug logging is disabled
[06:01:00] [Server thread/INFO]: Data value allowed items: 
[06:01:00] [Server thread/INFO]: Generating keypair
[06:01:01] [Server thread/INFO]: Starting Minecraft server on localhost:25565
[06:01:05] [Server thread/INFO]: Set PluginClassLoader as parallel capable
[06:01:05] [Server thread/INFO]: [ProtocolSupport] Loading ProtocolSupport v4.23.dev
[06:01:05] [Server thread/INFO]: [ProtocolSupport] Allocator: PooledByteBufAllocator(directByDefault: true), direct: true
[06:01:05] [Server thread/INFO]: [ProtocolSupport] Compression level: 3
[06:01:07] [Server thread/INFO]: [ProtocolSupport] Assume 1.5.2 ping delay: 100
[06:01:07] [Server thread/INFO]: [ProtocolSupport] Assume legacy ping dealy: 200
[06:01:07] [Server thread/INFO]: [ProtocolSupport] Login threads max count: 8, keep alive time: 60
[06:01:07] [Server thread/WARN]: [ProtocolSupport] Native transport is enabled, this may causes issues. Disable it by setting use-native-transport in server.properties to false.
[06:01:07] [Server thread/INFO]: [ProtocolSupport] Using injected ServerConnection
[06:01:07] [Server thread/INFO]: [ProtocolSupport] Enabling ProtocolSupport v4.23.dev
[06:01:07] [Server thread/WARN]: **** SERVER IS RUNNING IN OFFLINE/INSECURE MODE!
[06:01:07] [Server thread/WARN]: The server will make no attempt to authenticate usernames. Beware.
[06:01:07] [Server thread/WARN]: While this makes the game possible to play without internet access, it also opens up the ability for hackers to connect with any username they choose.
[06:01:07] [Server thread/WARN]: To change this, set "online-mode" to "true" in the server.properties file.
[06:01:07] [Server thread/INFO]: **** Beginning UUID conversion, this may take A LONG time ****
[06:01:07] [Server thread/INFO]: Preparing level "world"
[06:01:07] [Server thread/INFO]: -------- World Settings For [world] --------
[06:01:07] [Server thread/INFO]: Chunks to Grow per Tick: 650
[06:01:07] [Server thread/INFO]: Clear tick list: false
[06:01:07] [Server thread/INFO]: Experience Merge Radius: 3.0
[06:01:07] [Server thread/INFO]: Anti X-Ray: true
[06:01:07] [Server thread/INFO]: 	Engine Mode: 1
[06:01:07] [Server thread/INFO]: 	Hidden Blocks: [14, 15, 16, 21, 48, 49, 54, 56, 73, 74, 82, 129, 130]
[06:01:07] [Server thread/INFO]: 	Replace Blocks: [1, 5]
[06:01:07] [Server thread/INFO]: Mob Spawn Range: 4
[06:01:07] [Server thread/INFO]: Nerfing mobs spawned from spawners: false
[06:01:07] [Server thread/INFO]: Cactus Growth Modifier: 100%
[06:01:07] [Server thread/INFO]: Cane Growth Modifier: 100%
[06:01:07] [Server thread/INFO]: Melon Growth Modifier: 100%
[06:01:07] [Server thread/INFO]: Mushroom Growth Modifier: 100%
[06:01:07] [Server thread/INFO]: Pumpkin Growth Modifier: 100%
[06:01:07] [Server thread/INFO]: Sapling Growth Modifier: 100%
[06:01:07] [Server thread/INFO]: Wheat Growth Modifier: 100%
[06:01:07] [Server thread/INFO]: NetherWart Growth Modifier: 100%
[06:01:07] [Server thread/INFO]: Entity Activation Range: An 32 / Mo 32 / Mi 16
[06:01:07] [Server thread/INFO]: Entity Tracking Range: Pl 48 / An 48 / Mo 48 / Mi 32 / Other 64
[06:01:07] [Server thread/INFO]: Hopper Transfer: 8 Hopper Check: 8 Hopper Amount: 1
[06:01:07] [Server thread/INFO]: Random Lighting Updates: false
[06:01:07] [Server thread/INFO]: Structure Info Saving: true
[06:01:07] [Server thread/INFO]: Sending up to 10 chunks per packet
[06:01:07] [Server thread/INFO]: Max Entity Collisions: 8
[06:01:07] [Server thread/INFO]: Custom Map Seeds:  Village: 10387312 Feature: 14357617
[06:01:07] [Server thread/INFO]: Max TNT Explosions: 100
[06:01:07] [Server thread/INFO]: Tile Max Tick Time: 50ms Entity max Tick Time: 50ms
[06:01:07] [Server thread/INFO]: Item Despawn Rate: 6000
[06:01:07] [Server thread/INFO]: Item Merge Radius: 2.5
[06:01:07] [Server thread/INFO]: Arrow Despawn Rate: 1200
[06:01:07] [Server thread/INFO]: Allow Zombie Pigmen to spawn from portal blocks: true
[06:01:07] [Server thread/INFO]: View Distance: 10
[06:01:07] [Server thread/INFO]: Zombie Aggressive Towards Villager: true
[06:01:07] [Server thread/INFO]: -------- World Settings For [world] --------
[06:01:07] [Server thread/INFO]: Keep spawn chunk loaded: true
[06:01:07] [Server thread/INFO]: WorldServer TickNextTick cap set at 10000
[06:01:07] [Server thread/INFO]: WorldServer TickNextTickList cap always processes redstone: false
[06:01:07] [Server thread/INFO]: World async lighting: false
[06:01:07] [Server thread/INFO]: Remove invalid mob spawner tile entities: true
[06:01:07] [Server thread/INFO]: Living Entity Despawn Ranges:  Soft: 32 Hard: 128
[06:01:07] [Server thread/INFO]: Max height for cactus growth 3. Max height for reed growth 3
[06:01:07] [Server thread/INFO]: Squids will spawn between Y: 45.0 and Y: 63.0
[06:01:07] [Server thread/INFO]: Player blocking damage multiplier set to 0.5
[06:01:07] [Server thread/INFO]: Water over lava flow speed: 5
[06:01:07] [Server thread/INFO]: Fix TNT cannons: false
[06:01:07] [Server thread/INFO]: Allow undead horse types to be leashed: false
[06:01:10] [Server thread/INFO]: -------- World Settings For [world_nether] --------
[06:01:10] [Server thread/INFO]: Chunks to Grow per Tick: 650
[06:01:10] [Server thread/INFO]: Clear tick list: false
[06:01:10] [Server thread/INFO]: Experience Merge Radius: 3.0
[06:01:10] [Server thread/INFO]: Anti X-Ray: true
[06:01:10] [Server thread/INFO]: 	Engine Mode: 1
[06:01:10] [Server thread/INFO]: 	Hidden Blocks: [14, 15, 16, 21, 48, 49, 54, 56, 73, 74, 82, 129, 130]
[06:01:10] [Server thread/INFO]: 	Replace Blocks: [1, 5]
[06:01:10] [Server thread/INFO]: Mob Spawn Range: 4
[06:01:10] [Server thread/INFO]: Nerfing mobs spawned from spawners: false
[06:01:10] [Server thread/INFO]: Cactus Growth Modifier: 100%
[06:01:10] [Server thread/INFO]: Cane Growth Modifier: 100%
[06:01:10] [Server thread/INFO]: Melon Growth Modifier: 100%
[06:01:10] [Server thread/INFO]: Mushroom Growth Modifier: 100%
[06:01:10] [Server thread/INFO]: Pumpkin Growth Modifier: 100%
[06:01:10] [Server thread/INFO]: Sapling Growth Modifier: 100%
[06:01:10] [Server thread/INFO]: Wheat Growth Modifier: 100%
[06:01:10] [Server thread/INFO]: NetherWart Growth Modifier: 100%
[06:01:10] [Server thread/INFO]: Entity Activation Range: An 32 / Mo 32 / Mi 16
[06:01:10] [Server thread/INFO]: Entity Tracking Range: Pl 48 / An 48 / Mo 48 / Mi 32 / Other 64
[06:01:10] [Server thread/INFO]: Hopper Transfer: 8 Hopper Check: 8 Hopper Amount: 1
[06:01:10] [Server thread/INFO]: Random Lighting Updates: false
[06:01:10] [Server thread/INFO]: Structure Info Saving: true
[06:01:10] [Server thread/INFO]: Sending up to 10 chunks per packet
[06:01:10] [Server thread/INFO]: Max Entity Collisions: 8
[06:01:10] [Server thread/INFO]: Custom Map Seeds:  Village: 10387312 Feature: 14357617
[06:01:10] [Server thread/INFO]: Max TNT Explosions: 100
[06:01:10] [Server thread/INFO]: Tile Max Tick Time: 50ms Entity max Tick Time: 50ms
[06:01:10] [Server thread/INFO]: Item Despawn Rate: 6000
[06:01:10] [Server thread/INFO]: Item Merge Radius: 2.5
[06:01:10] [Server thread/INFO]: Arrow Despawn Rate: 1200
[06:01:10] [Server thread/INFO]: Allow Zombie Pigmen to spawn from portal blocks: true
[06:01:10] [Server thread/INFO]: View Distance: 10
[06:01:10] [Server thread/INFO]: Zombie Aggressive Towards Villager: true
[06:01:10] [Server thread/INFO]: -------- World Settings For [world_nether] --------
[06:01:10] [Server thread/INFO]: Keep spawn chunk loaded: true
[06:01:10] [Server thread/INFO]: WorldServer TickNextTick cap set at 10000
[06:01:10] [Server thread/INFO]: WorldServer TickNextTickList cap always processes redstone: false
[06:01:10] [Server thread/INFO]: World async lighting: false
[06:01:10] [Server thread/INFO]: Remove invalid mob spawner tile entities: true
[06:01:10] [Server thread/INFO]: Living Entity Despawn Ranges:  Soft: 32 Hard: 128
[06:01:10] [Server thread/INFO]: Max height for cactus growth 3. Max height for reed growth 3
[06:01:10] [Server thread/INFO]: Squids will spawn between Y: 45.0 and Y: 63.0
[06:01:10] [Server thread/INFO]: Player blocking damage multiplier set to 0.5
[06:01:10] [Server thread/INFO]: Water over lava flow speed: 5
[06:01:10] [Server thread/INFO]: Fix TNT cannons: false
[06:01:10] [Server thread/INFO]: Allow undead horse types to be leashed: false
[06:01:10] [Server thread/INFO]: -------- World Settings For [world_the_end] --------
[06:01:15] [Server thread/INFO]: Chunks to Grow per Tick: 650
[06:01:15] [Server thread/INFO]: Clear tick list: false
[06:01:15] [Server thread/INFO]: Experience Merge Radius: 3.0
[06:01:15] [Server thread/INFO]: Anti X-Ray: true
[06:01:15] [Server thread/INFO]: 	Engine Mode: 1
[06:01:15] [Server thread/INFO]: 	Hidden Blocks: [14, 15, 16, 21, 48, 49, 54, 56, 73, 74, 82, 129, 130]
[06:01:15] [Server thread/INFO]: 	Replace Blocks: [1, 5]
[06:01:15] [Server thread/INFO]: Mob Spawn Range: 4
[06:01:15] [Server thread/INFO]: Nerfing mobs spawned from spawners: false
[06:01:15] [Server thread/INFO]: Cactus Growth Modifier: 100%
[06:01:15] [Server thread/INFO]: Cane Growth Modifier: 100%
[06:01:15] [Server thread/INFO]: Melon Growth Modifier: 100%
[06:01:15] [Server thread/INFO]: Mushroom Growth Modifier: 100%
[06:01:15] [Server thread/INFO]: Pumpkin Growth Modifier: 100%
[06:01:15] [Server thread/INFO]: Sapling Growth Modifier: 100%
[06:01:15] [Server thread/INFO]: Wheat Growth Modifier: 100%
[06:01:15] [Server thread/INFO]: NetherWart Growth Modifier: 100%
[06:01:15] [Server thread/INFO]: Entity Activation Range: An 32 / Mo 32 / Mi 16
[06:01:15] [Server thread/INFO]: Entity Tracking Range: Pl 48 / An 48 / Mo 48 / Mi 32 / Other 64
[06:01:15] [Server thread/INFO]: Hopper Transfer: 8 Hopper Check: 8 Hopper Amount: 1
[06:01:15] [Server thread/INFO]: Random Lighting Updates: false
[06:01:15] [Server thread/INFO]: Structure Info Saving: true
[06:01:15] [Server thread/INFO]: Sending up to 10 chunks per packet
[06:01:15] [Server thread/INFO]: Max Entity Collisions: 8
[06:01:15] [Server thread/INFO]: Custom Map Seeds:  Village: 10387312 Feature: 14357617
[06:01:15] [Server thread/INFO]: Max TNT Explosions: 100
[06:01:15] [Server thread/INFO]: Tile Max Tick Time: 50ms Entity max Tick Time: 50ms
[06:01:15] [Server thread/INFO]: Item Despawn Rate: 6000
[06:01:15] [Server thread/INFO]: Item Merge Radius: 2.5
[06:01:15] [Server thread/INFO]: Arrow Despawn Rate: 1200
[06:01:15] [Server thread/INFO]: Allow Zombie Pigmen to spawn from portal blocks: true
[06:01:15] [Server thread/INFO]: View Distance: 10
[06:01:15] [Server thread/INFO]: Zombie Aggressive Towards Villager: true
[06:01:16] [Server thread/INFO]: -------- World Settings For [world_the_end] --------
[06:01:16] [Server thread/INFO]: Keep spawn chunk loaded: true
[06:01:16] [Server thread/INFO]: WorldServer TickNextTick cap set at 10000
[06:01:16] [Server thread/INFO]: WorldServer TickNextTickList cap always processes redstone: false
[06:01:16] [Server thread/INFO]: World async lighting: false
[06:01:16] [Server thread/INFO]: Remove invalid mob spawner tile entities: true
[06:01:16] [Server thread/INFO]: Living Entity Despawn Ranges:  Soft: 32 Hard: 128
[06:01:16] [Server thread/INFO]: Max height for cactus growth 3. Max height for reed growth 3
[06:01:16] [Server thread/INFO]: Squids will spawn between Y: 45.0 and Y: 63.0
[06:01:16] [Server thread/INFO]: Player blocking damage multiplier set to 0.5
[06:01:16] [Server thread/INFO]: Water over lava flow speed: 5
[06:01:16] [Server thread/INFO]: Fix TNT cannons: false
[06:01:16] [Server thread/INFO]: Allow undead horse types to be leashed: false
[06:01:16] [Server thread/INFO]: Preparing start region for level 0 (Seed: 8631508618945429440)
[06:01:17] [Server thread/INFO]: Preparing spawn area: 0%
[06:01:19] [Server thread/INFO]: Preparing spawn area: 0%
[06:01:20] [Server thread/INFO]: Preparing spawn area: 4%
[06:01:21] [Server thread/INFO]: Preparing spawn area: 10%
[06:01:22] [Server thread/INFO]: Preparing spawn area: 19%
[06:01:23] [Server thread/INFO]: Preparing spawn area: 31%
[06:01:24] [Server thread/INFO]: Preparing spawn area: 45%
[06:01:26] [Server thread/INFO]: Preparing spawn area: 60%
[06:01:27] [Server thread/INFO]: Preparing spawn area: 76%
[06:01:28] [Server thread/INFO]: Preparing spawn area: 96%
[06:01:31] [Server thread/INFO]: Preparing spawn area: 97%
[06:01:31] [Server thread/INFO]: Preparing start region for level 1 (Seed: 8631508618945429440)
[06:01:34] [Server thread/INFO]: Preparing spawn area: 0%
[06:01:35] [Server thread/INFO]: Preparing spawn area: 10%
[06:01:36] [Server thread/INFO]: Preparing spawn area: 23%
